<?xml version="1.0" encoding="UTF-8"?>
<!-- Generated by org.testng.reporters.JUnitReportReporter -->
<testsuite hostname="home-laptop" failures="0" tests="1" name="com.ticketbooking.tests.TicketBookingTest" time="58.623" errors="0" timestamp="2023-07-13T20:55:14 IST" skipped="0">
  <testcase classname="com.ticketbooking.tests.TicketBookingTest" name="oneWayTicketBookingTest" time="58.623"/>
  <system-out/>
</testsuite> <!-- com.ticketbooking.tests.TicketBookingTest -->
